c:\users\vishu.b\source\repos\gitzhcode\zspace_alice\alice_platform\x64\release\alice_platform.lib
c:\users\vishu.b\source\repos\gitzhcode\zspace_alice\alice_platform\x64\release\alice_platform.exp
c:\users\vishu.b\source\repos\gitzhcode\zspace_alice\alice_platform\x64\release\alice_platform.iobj
c:\users\vishu.b\source\repos\gitzhcode\zspace_alice\alice_platform\x64\release\vc142.pdb
c:\users\vishu.b\source\repos\gitzhcode\zspace_alice\alice_platform\x64\release\sketch_zspace_kmeans.obj
c:\users\vishu.b\source\repos\gitzhcode\zspace_alice\alice_platform\x64\release\sketch_zspace_hkbridge_tna.obj
c:\users\vishu.b\source\repos\gitzhcode\zspace_alice\alice_platform\x64\release\sketch_zspace_hkbridge.obj
c:\users\vishu.b\source\repos\gitzhcode\zspace_alice\alice_platform\x64\release\sketch_zspace_heat_slicer.obj
c:\users\vishu.b\source\repos\gitzhcode\zspace_alice\alice_platform\x64\release\sketch_zspace_graphpolyhedra_wip.obj
c:\users\vishu.b\source\repos\gitzhcode\zspace_alice\alice_platform\x64\release\sketch_zspace_graphmesh.obj
c:\users\vishu.b\source\repos\gitzhcode\zspace_alice\alice_platform\x64\release\sketch_zspace_graphloftmesh.obj
c:\users\vishu.b\source\repos\gitzhcode\zspace_alice\alice_platform\x64\release\sketch_zspace_ccf.obj
c:\users\vishu.b\source\repos\gitzhcode\zspace_alice\alice_platform\x64\release\sketch_zspace_bj_mapper.obj
c:\users\vishu.b\source\repos\gitzhcode\zspace_alice\alice_platform\x64\release\sketch_zspace_nurbscurve.obj
c:\users\vishu.b\source\repos\gitzhcode\zspace_alice\alice_platform\x64\release\sketch_zspace_usd_base.obj
c:\users\vishu.b\source\repos\gitzhcode\zspace_alice\alice_platform\x64\release\sketch_zspace_ov_core_live.obj
c:\users\vishu.b\source\repos\gitzhcode\zspace_alice\alice_platform\x64\release\sketch_zspace_ov_core.obj
c:\users\vishu.b\source\repos\gitzhcode\zspace_alice\alice_platform\x64\release\sketch_zspace_ov_base.obj
c:\users\vishu.b\source\repos\gitzhcode\zspace_alice\alice_platform\x64\release\sketch_zspacemodule_kmeans.obj
c:\users\vishu.b\source\repos\gitzhcode\zspace_alice\alice_platform\x64\release\sketch_zspacemodule_curvaturedirections.obj
c:\users\vishu.b\source\repos\gitzhcode\zspace_alice\alice_platform\x64\release\sketch_zspace_voxelsystem.obj
c:\users\vishu.b\source\repos\gitzhcode\zspace_alice\alice_platform\x64\release\sketch_zspace_tutorial_1.obj
c:\users\vishu.b\source\repos\gitzhcode\zspace_alice\alice_platform\x64\release\sketch_zspace_base.obj
c:\users\vishu.b\source\repos\gitzhcode\zspace_alice\alice_platform\x64\release\sketch_empty.obj
c:\users\vishu.b\source\repos\gitzhcode\zspace_alice\alice_platform\x64\release\sketch_zspace_sanyameshwalk.obj
c:\users\vishu.b\source\repos\gitzhcode\zspace_alice\alice_platform\x64\release\sketch_zspace_planaritycheck.obj
c:\users\vishu.b\source\repos\gitzhcode\zspace_alice\alice_platform\x64\release\sketch_zspace_tostad2.obj
c:\users\vishu.b\source\repos\gitzhcode\zspace_alice\alice_platform\x64\release\sketch_zspace_striatus_slicer.obj
c:\users\vishu.b\source\repos\gitzhcode\zspace_alice\alice_platform\x64\release\sketch_zspace_sdfslicer_osaka.obj
c:\users\vishu.b\source\repos\gitzhcode\zspace_alice\alice_platform\x64\release\sketch_zspace_sdfslicer_bj.obj
c:\users\vishu.b\source\repos\gitzhcode\zspace_alice\alice_platform\x64\release\sketch_zspace_sdfslicer.obj
c:\users\vishu.b\source\repos\gitzhcode\zspace_alice\alice_platform\x64\release\sketch_zspace_robotfab.obj
c:\users\vishu.b\source\repos\gitzhcode\zspace_alice\alice_platform\x64\release\sketch_zspace_robot.obj
c:\users\vishu.b\source\repos\gitzhcode\zspace_alice\alice_platform\x64\release\sketch_zspace_parameterization.obj
c:\users\vishu.b\source\repos\gitzhcode\zspace_alice\alice_platform\x64\release\sketch_zspace_panelsplit.obj
c:\users\vishu.b\source\repos\gitzhcode\zspace_alice\alice_platform\x64\release\sketch_zspace_panelanalysis.obj
c:\users\vishu.b\source\repos\gitzhcode\zspace_alice\alice_platform\x64\release\sketch_zspace_nansharoof.obj
c:\users\vishu.b\source\repos\gitzhcode\zspace_alice\alice_platform\x64\release\sketch_zspace_heat_slicer_sanya.obj
c:\users\vishu.b\source\repos\gitzhcode\zspace_alice\alice_platform\x64\release\sketch_zspace_creatmesh.obj
c:\users\vishu.b\source\repos\gitzhcode\zspace_alice\alice_platform\x64\release\sketch_zspace_sanyameshstream.obj
c:\users\vishu.b\source\repos\gitzhcode\zspace_alice\alice_platform\x64\release\exe\alice_platform.exe
c:\users\vishu.b\source\repos\gitzhcode\zspace_alice\alice_platform\x64\release\alice_platform.pdb
c:\users\vishu.b\source\repos\gitzhcode\zspace_alice\alice_platform\x64\release\zspacecuda_solar.cu.cache
c:\users\vishu.b\source\repos\gitzhcode\zspace_alice\alice_platform\x64\release\sketch_cuda_empty.obj
c:\users\vishu.b\source\repos\gitzhcode\zspace_alice\alice_platform\x64\release\sketch_zspacecuda_solar.obj
c:\users\vishu.b\source\repos\gitzhcode\zspace_alice\alice_platform\x64\release\sketch_zspacecuda_striatus_slicer.obj
c:\users\vishu.b\source\repos\gitzhcode\zspace_alice\alice_platform\x64\release\zspacecuda_solar.cu.obj
c:\users\vishu.b\source\repos\gitzhcode\zspace_alice\alice_platform\x64\release\alice_cuda.iobj
c:\users\vishu.b\source\repos\gitzhcode\zspace_alice\alice_platform\x64\release\alice_cuda.exp
c:\users\vishu.b\source\repos\gitzhcode\zspace_alice\alice_platform\x64\release\alice_cuda.pdb
c:\users\vishu.b\source\repos\gitzhcode\zspace_alice\alice_platform\x64\release\alice_platform.tlog\alice_platform.write.1u.tlog
c:\users\vishu.b\source\repos\gitzhcode\zspace_alice\alice_platform\x64\release\alice_platform.tlog\cl.command.1.tlog
c:\users\vishu.b\source\repos\gitzhcode\zspace_alice\alice_platform\x64\release\alice_platform.tlog\cl.read.1.tlog
c:\users\vishu.b\source\repos\gitzhcode\zspace_alice\alice_platform\x64\release\alice_platform.tlog\cl.write.1.tlog
c:\users\vishu.b\source\repos\gitzhcode\zspace_alice\alice_platform\x64\release\alice_platform.tlog\link.command.1.tlog
c:\users\vishu.b\source\repos\gitzhcode\zspace_alice\alice_platform\x64\release\alice_platform.tlog\link.delete.1.tlog
c:\users\vishu.b\source\repos\gitzhcode\zspace_alice\alice_platform\x64\release\alice_platform.tlog\link.read.1.tlog
c:\users\vishu.b\source\repos\gitzhcode\zspace_alice\alice_platform\x64\release\alice_platform.tlog\link.write.1.tlog
