c:\users\vishu.b\source\repos\gitzhcode\alice2018_zspace\alice_platform\x64\release\alice_cuda.lib
c:\users\vishu.b\source\repos\gitzhcode\alice2018_zspace\alice_platform\x64\release\alice_cuda.exp
c:\users\vishu.b\source\repos\gitzhcode\alice2018_zspace\alice_platform\x64\release\alice_cuda.iobj
c:\users\vishu.b\source\repos\gitzhcode\alice2018_zspace\alice_platform\x64\release\vc142.pdb
c:\users\vishu.b\source\repos\gitzhcode\alice2018_zspace\alice_platform\x64\release\sketch_zspacecuda_solar.obj
c:\users\vishu.b\source\repos\gitzhcode\zspace_alice\alice_platform\x64\release\zspacecuda_solar.cu.obj
c:\users\vishu.b\source\repos\gitzhcode\alice2018_zspace\alice_platform\x64\release\exe\alice_cuda.exe
c:\users\vishu.b\source\repos\gitzhcode\alice2018_zspace\alice_platform\x64\release\alice_cuda.pdb
c:\users\vishu.b\source\repos\gitzhcode\zspace_alice\alice_platform\x64\release\zspacecuda_solar.cu.cache
c:\users\vishu.b\source\repos\gitzhcode\zspace_alice\alice_platform\x64\release\sketch_empty.obj
c:\users\vishu.b\source\repos\gitzhcode\zspace_alice\alice_platform\x64\release\sketch_zspacemodule_curvaturedirections.obj
c:\users\vishu.b\source\repos\gitzhcode\zspace_alice\alice_platform\x64\release\sketch_zspacemodule_kmeans.obj
c:\users\vishu.b\source\repos\gitzhcode\zspace_alice\alice_platform\x64\release\sketch_zspacemodule_minimisearea.obj
c:\users\vishu.b\source\repos\gitzhcode\zspace_alice\alice_platform\x64\release\sketch_zspacemodule_minimisearea_fdm.obj
c:\users\vishu.b\source\repos\gitzhcode\zspace_alice\alice_platform\x64\release\sketch_zspacemodule_planarise.obj
c:\users\vishu.b\source\repos\gitzhcode\zspace_alice\alice_platform\x64\release\sketch_zspace_base.obj
c:\users\vishu.b\source\repos\gitzhcode\zspace_alice\alice_platform\x64\release\sketch_zspace_gltf.obj
c:\users\vishu.b\source\repos\gitzhcode\zspace_alice\alice_platform\x64\release\sketch_zspace_graphloftmesh.obj
c:\users\vishu.b\source\repos\gitzhcode\zspace_alice\alice_platform\x64\release\sketch_zspace_graphmesh.obj
c:\users\vishu.b\source\repos\gitzhcode\zspace_alice\alice_platform\x64\release\sketch_zspace_graph_relax.obj
c:\users\vishu.b\source\repos\gitzhcode\zspace_alice\alice_platform\x64\release\sketch_zspace_gridshell.obj
c:\users\vishu.b\source\repos\gitzhcode\zspace_alice\alice_platform\x64\release\sketch_zspace_meshcolor_guangdu.obj
c:\users\vishu.b\source\repos\gitzhcode\zspace_alice\alice_platform\x64\release\sketch_zspace_patternyate.obj
c:\users\vishu.b\source\repos\gitzhcode\zspace_alice\alice_platform\x64\release\sketch_zspace_patternyate_automate.obj
c:\users\vishu.b\source\repos\gitzhcode\zspace_alice\alice_platform\x64\release\sketch_zspace_planarise.obj
c:\users\vishu.b\source\repos\gitzhcode\zspace_alice\alice_platform\x64\release\sketch_zspace_robot.obj
c:\users\vishu.b\source\repos\gitzhcode\zspace_alice\alice_platform\x64\release\sketch_zspace_sdfslicer.obj
c:\users\vishu.b\source\repos\gitzhcode\zspace_alice\alice_platform\x64\release\sketch_zspace_spatialgraph.obj
c:\users\vishu.b\source\repos\gitzhcode\zspace_alice\alice_platform\x64\release\sketch_zspace_striatus_block.obj
c:\users\vishu.b\source\repos\gitzhcode\zspace_alice\alice_platform\x64\release\sketch_zspace_striatus_io.obj
c:\users\vishu.b\source\repos\gitzhcode\zspace_alice\alice_platform\x64\release\sketch_zspace_striatus_io_readblocks.obj
c:\users\vishu.b\source\repos\gitzhcode\zspace_alice\alice_platform\x64\release\sketch_zspace_striatus_slicer.obj
c:\users\vishu.b\source\repos\gitzhcode\zspace_alice\alice_platform\x64\release\sketch_zspace_sunvectortransform.obj
c:\users\vishu.b\source\repos\gitzhcode\zspace_alice\alice_platform\x64\release\sketch_zspace_tostad.obj
c:\users\vishu.b\source\repos\gitzhcode\zspace_alice\alice_platform\x64\release\sketch_zspace_tostad2.obj
c:\users\vishu.b\source\repos\gitzhcode\zspace_alice\alice_platform\x64\release\sketch_zspace_usd_base.obj
c:\users\vishu.b\source\repos\gitzhcode\zspace_alice\alice_platform\x64\release\alice_platform.iobj
c:\users\vishu.b\source\repos\gitzhcode\zspace_alice\alice_platform\x64\release\alice_platform.pdb
c:\users\vishu.b\source\repos\gitzhcode\zspace_alice\alice_platform\x64\release\vc142.pdb
c:\users\vishu.b\source\repos\gitzhcode\zspace_alice\alice_platform\x64\release\alice_cuda.tlog\alice_cuda.write.1u.tlog
c:\users\vishu.b\source\repos\gitzhcode\zspace_alice\alice_platform\x64\release\alice_cuda.tlog\cl.command.1.tlog
c:\users\vishu.b\source\repos\gitzhcode\zspace_alice\alice_platform\x64\release\alice_cuda.tlog\cl.read.1.tlog
c:\users\vishu.b\source\repos\gitzhcode\zspace_alice\alice_platform\x64\release\alice_cuda.tlog\cl.write.1.tlog
c:\users\vishu.b\source\repos\gitzhcode\zspace_alice\alice_platform\x64\release\alice_cuda.tlog\cudacompile.read.1u.tlog
c:\users\vishu.b\source\repos\gitzhcode\zspace_alice\alice_platform\x64\release\alice_cuda.tlog\cudacompile.write.1u.tlog
c:\users\vishu.b\source\repos\gitzhcode\zspace_alice\alice_platform\x64\release\alice_cuda.tlog\link.command.1.tlog
c:\users\vishu.b\source\repos\gitzhcode\zspace_alice\alice_platform\x64\release\alice_cuda.tlog\link.delete.1.tlog
c:\users\vishu.b\source\repos\gitzhcode\zspace_alice\alice_platform\x64\release\alice_cuda.tlog\link.read.1.tlog
c:\users\vishu.b\source\repos\gitzhcode\zspace_alice\alice_platform\x64\release\alice_cuda.tlog\link.write.1.tlog
